11:42:05,711 (AWT-EventQueue-0) INFO  [uniandes.isis2304.parranderos.negocio.Parranderos] - Limpiando la BD de Parranderos
11:42:05,809 (AWT-EventQueue-0) INFO  [uniandes.isis2304.parranderos.persistencia.PersistenciaParranderos] - Borrada la base de datos
11:42:05,810 (AWT-EventQueue-0) INFO  [uniandes.isis2304.parranderos.negocio.Parranderos] - Limpiando la BD de Parranderos: Listo!
17:49:19,884 (main) INFO  [uniandes.isis2304.parranderos.interfazApp.InterfazParranderosApp] - Se encontró un archivo de configuración válido: Interfaz
17:49:19,884 (main) INFO  [uniandes.isis2304.parranderos.interfazApp.InterfazParranderosApp] - Se aplica configuración indicada en el archivo de configuración
17:49:19,896 (main) INFO  [uniandes.isis2304.parranderos.interfazApp.InterfazParranderosApp] - Se encontró un archivo de configuración válido: Tablas BD
16:34:02,150 (main) INFO  [uniandes.isis2304.parranderos.interfazDemo.InterfazParranderosDemo] - Se encontró un archivo de configuración válido: Interfaz
16:34:02,152 (main) INFO  [uniandes.isis2304.parranderos.interfazDemo.InterfazParranderosDemo] - Se aplica configuración indicada en el archivo de configuración
16:34:02,614 (main) INFO  [uniandes.isis2304.parranderos.interfazDemo.InterfazParranderosDemo] - Se encontró un archivo de configuración válido: Tablas BD
16:34:48,711 (main) INFO  [uniandes.isis2304.parranderos.interfazDemo.InterfazParranderosDemo] - Se encontró un archivo de configuración válido: Interfaz
16:34:48,712 (main) INFO  [uniandes.isis2304.parranderos.interfazDemo.InterfazParranderosDemo] - Se aplica configuración indicada en el archivo de configuración
16:34:48,756 (main) INFO  [uniandes.isis2304.parranderos.interfazDemo.InterfazParranderosDemo] - Se encontró un archivo de configuración válido: Tablas BD
16:36:09,774 (main) INFO  [uniandes.isis2304.parranderos.interfazDemo.InterfazParranderosDemo] - Se encontró un archivo de configuración válido: Interfaz
16:36:09,776 (main) INFO  [uniandes.isis2304.parranderos.interfazDemo.InterfazParranderosDemo] - Se aplica configuración indicada en el archivo de configuración
16:36:09,813 (main) INFO  [uniandes.isis2304.parranderos.interfazDemo.InterfazParranderosDemo] - Se encontró un archivo de configuración válido: Tablas BD
16:38:03,176 (main) INFO  [uniandes.isis2304.parranderos.interfazDemo.InterfazParranderosDemo] - Se encontró un archivo de configuración válido: Interfaz
16:38:03,178 (main) INFO  [uniandes.isis2304.parranderos.interfazDemo.InterfazParranderosDemo] - Se aplica configuración indicada en el archivo de configuración
16:38:03,220 (main) INFO  [uniandes.isis2304.parranderos.interfazDemo.InterfazParranderosDemo] - Se encontró un archivo de configuración válido: Tablas BD
16:39:50,425 (AWT-EventQueue-0) INFO  [uniandes.isis2304.parranderos.negocio.Parranderos] - Adicionando bar: Los Amigos
16:39:50,763 (AWT-EventQueue-0) INFO  [uniandes.isis2304.parranderos.negocio.Parranderos] - Adicionando bar: Bar [id=1, nombre=Los Amigos, ciudad=Bogotá, presupuesto=Bajo, cantSedes=2]
16:39:50,763 (AWT-EventQueue-0) INFO  [uniandes.isis2304.parranderos.negocio.Parranderos] - Generando los VO de Bares
16:39:50,779 (AWT-EventQueue-0) INFO  [uniandes.isis2304.parranderos.negocio.Parranderos] - Generando los VO de Bares: 1 bares existentes
16:39:50,779 (AWT-EventQueue-0) INFO  [uniandes.isis2304.parranderos.negocio.Parranderos] - Eliminando bar por nombre: Los Amigos
16:39:50,792 (AWT-EventQueue-0) INFO  [uniandes.isis2304.parranderos.negocio.Parranderos] - Eliminando bar: 1 tuplas eliminadas
16:41:31,318 (AWT-EventQueue-0) INFO  [uniandes.isis2304.parranderos.negocio.Parranderos] - Adicionando Tipo de bebida: Vino tinto
16:41:31,464 (AWT-EventQueue-0) INFO  [uniandes.isis2304.parranderos.negocio.Parranderos] - Adicionando Tipo de bebida: TipoBebida [id=2, nombre=Vino tinto]
16:41:31,464 (AWT-EventQueue-0) INFO  [uniandes.isis2304.parranderos.negocio.Parranderos] - Generando los VO de Tipos de bebida
16:41:31,482 (AWT-EventQueue-0) INFO  [uniandes.isis2304.parranderos.negocio.Parranderos] - Generando los VO de Tipos de bebida: 1 existentes
16:41:31,482 (AWT-EventQueue-0) INFO  [uniandes.isis2304.parranderos.negocio.Parranderos] - Eliminando Tipo de bebida por id: 2
16:41:31,501 (AWT-EventQueue-0) INFO  [uniandes.isis2304.parranderos.negocio.Parranderos] - Eliminando Tipo de bebida por id: 1 tuplas eliminadas
22:25:31,712 (main) INFO  [uniandes.isis2304.parranderos.interfazApp.InterfazParranderosApp] - Se encontró un archivo de configuración válido: Interfaz
22:25:31,714 (main) INFO  [uniandes.isis2304.parranderos.interfazApp.InterfazParranderosApp] - Se aplica configuración indicada en el archivo de configuración
22:25:32,209 (main) INFO  [uniandes.isis2304.parranderos.interfazApp.InterfazParranderosApp] - Se encontró un archivo de configuración válido: Tablas BD
22:26:01,694 (AWT-EventQueue-0) INFO  [uniandes.isis2304.parranderos.negocio.Parranderos] - Adicionando Tipo de bebida: Arroz
22:26:02,816 (AWT-EventQueue-0) INFO  [uniandes.isis2304.parranderos.negocio.Parranderos] - Adicionando Tipo de bebida: TipoBebida [id=21, nombre=Arroz]
22:31:59,895 (main) INFO  [uniandes.isis2304.parranderos.interfazApp.InterfazParranderosApp] - Se encontró un archivo de configuración válido: Interfaz
22:31:59,897 (main) INFO  [uniandes.isis2304.parranderos.interfazApp.InterfazParranderosApp] - Se aplica configuración indicada en el archivo de configuración
22:31:59,948 (main) INFO  [uniandes.isis2304.parranderos.interfazApp.InterfazParranderosApp] - Se encontró un archivo de configuración válido: Tablas BD
22:42:57,903 (main) INFO  [uniandes.isis2304.parranderos.interfazDemo.InterfazParranderosDemo] - Se encontró un archivo de configuración válido: Interfaz
22:42:57,907 (main) INFO  [uniandes.isis2304.parranderos.interfazDemo.InterfazParranderosDemo] - Se aplica configuración indicada en el archivo de configuración
22:42:57,968 (main) INFO  [uniandes.isis2304.parranderos.interfazDemo.InterfazParranderosDemo] - Se encontró un archivo de configuración válido: Tablas BD
10:22:23,990 (main) INFO  [uniandes.isis2304.parranderos.interfazDemo.InterfazParranderosDemo] - Se encontró un archivo de configuración válido: Interfaz
10:22:24,011 (main) INFO  [uniandes.isis2304.parranderos.interfazDemo.InterfazParranderosDemo] - Se aplica configuración indicada en el archivo de configuración
10:22:24,172 (main) INFO  [uniandes.isis2304.parranderos.interfazDemo.InterfazParranderosDemo] - Se encontró un archivo de configuración válido: Tablas BD
01:23:00,050 (main) ERROR [epsAndes.persistencia.PersistenciaEpsAndes] - Exception : Error con la ejecucion de Query de SQL "INSERT INTO AFILIADOS(Login, Rol, Documento, TipoDocumento, Nombre) values (?, ?, ?, ?, ?)".
ORA-00942: la tabla o vista no existe

01:26:36,619 (main) ERROR [epsAndes.persistencia.PersistenciaEpsAndes] - Exception : Error con la ejecucion de Query de SQL "INSERT INTO AFILIADOS(Login, Rol, Documento, TipoDocumento, Nombre) values (?, ?, ?, ?, ?)".
ORA-00942: la tabla o vista no existe

08:53:29,312 (main) ERROR [epsAndes.persistencia.PersistenciaEpsAndes] - Exception : Error executing SQL query "INSERT INTO ROL(rol) values (?)".
ORA-00001: unique constraint (ISIS2304B051920.ROL_ROL_UNIQUE) violated

10:18:59,259 (main) ERROR [epsAndes.persistencia.PersistenciaEpsAndes] - Exception : Error executing SQL query "INSERT INTO USUARIO(Login, Rol, Documento, TipoDocumento, Nombre) values (?, ?, ?, ?, ?)".
ORA-00001: unique constraint (ISIS2304B051920.USUARIO_LOGIN_UNIQUE) violated

11:31:39,464 (main) ERROR [epsAndes.persistencia.PersistenciaEpsAndes] - Exception : Error executing SQL query "INSERT INTO PRESTANSERVICIO(idIPS, idServicio) values (?, ?)".
ORA-02291: integrity constraint (ISIS2304B051920.PS_IDSERVICIO) violated - parent key not found

11:35:41,954 (main) ERROR [epsAndes.persistencia.PersistenciaEpsAndes] - Exception : Error executing SQL query "INSERT INTO PRESTANSERVICIO(idIPS, idServicio) values (?, ?)".
ORA-02291: integrity constraint (ISIS2304B051920.PS_IDSERVICIO) violated - parent key not found

23:39:19,737 (main) ERROR [epsAndes.persistencia.PersistenciaEpsAndes] - Exception : El Query de JDOQL ha vuelto más que una instancia pero "unica" esta "verdad" o hay solo aggregados asi que debe devolver una como maxima.

23:46:23,235 (main) ERROR [epsAndes.persistencia.PersistenciaEpsAndes] - Exception : El Query de JDOQL ha vuelto más que una instancia pero "unica" esta "verdad" o hay solo aggregados asi que debe devolver una como maxima.

23:47:55,756 (main) ERROR [epsAndes.persistencia.PersistenciaEpsAndes] - Exception : El Query de JDOQL ha vuelto más que una instancia pero "unica" esta "verdad" o hay solo aggregados asi que debe devolver una como maxima.

23:52:58,264 (main) ERROR [epsAndes.persistencia.PersistenciaEpsAndes] - Exception : El Query de JDOQL ha vuelto más que una instancia pero "unica" esta "verdad" o hay solo aggregados asi que debe devolver una como maxima.

00:01:40,215 (main) ERROR [epsAndes.persistencia.PersistenciaEpsAndes] - Exception : Error con la ejecucion de Query de SQL "INSERT INTO FECHA Fecha) values (?)".
ORA-00926: falta la palabra clave VALUES

00:07:16,553 (main) ERROR [epsAndes.persistencia.PersistenciaEpsAndes] - Exception : Error con la ejecucion de Query de SQL "INSERT INTO FECHA Fecha) values (?)".
ORA-00926: falta la palabra clave VALUES

00:08:46,792 (main) ERROR [epsAndes.persistencia.PersistenciaEpsAndes] - Exception : Error con la ejecucion de Query de SQL "INSERT INTO FECHA Fecha) values (?)".
ORA-00926: falta la palabra clave VALUES

00:18:02,430 (main) ERROR [epsAndes.persistencia.PersistenciaEpsAndes] - Exception : Error con la ejecucion de Query de SQL "INSERT INTO FECHA Fecha) values (?)".
ORA-00926: falta la palabra clave VALUES

00:19:28,387 (main) ERROR [epsAndes.persistencia.PersistenciaEpsAndes] - Exception : Error con la ejecucion de Query de SQL "SELECT * FROM ROL WHERE FECHA = ?".
ORA-00904: "FECHA": identificador no válido

00:22:38,357 (main) ERROR [epsAndes.persistencia.PersistenciaEpsAndes] - Exception : Error con la ejecucion de Query de SQL "INSERT INTO CITAS(hora, Fecha, idServicio, idAfiliado, idRecepcionista) values (?, ?, ?, ?, ?)".
ORA-02291: restricción de integridad (ISIS2304B051920.CITAS_IDAFILIADO_FK) violada - clave principal no encontrada

00:25:47,684 (main) ERROR [epsAndes.persistencia.PersistenciaEpsAndes] - Exception : Error con la ejecucion de Query de SQL "INSERT INTO CITAS (hora, Fecha, idServicio, idAfiliado, idRecepcionista) values (?, ?, ?, ?, ?)".
ORA-02291: restricción de integridad (ISIS2304B051920.CITAS_IDAFILIADO_FK) violada - clave principal no encontrada

00:27:05,625 (main) ERROR [epsAndes.persistencia.PersistenciaEpsAndes] - Exception : Error con la ejecucion de Query de SQL "INSERT INTO CITAS (hora, Fecha, idServicio, idAfiliado, idRecepcionista) values (?, ?, ?, ?, ?)".
ORA-02291: restricción de integridad (ISIS2304B051920.CITAS_IDAFILIADO_FK) violada - clave principal no encontrada

00:28:55,097 (main) ERROR [epsAndes.persistencia.PersistenciaEpsAndes] - Exception : Error con la ejecucion de Query de SQL "INSERT INTO CITAS (hora, Fecha, idServicio, idAfiliado, idRecepcionista) values (?, ?, ?, ?, ?)".
ORA-02291: restricción de integridad (ISIS2304B051920.CITAS_IDAFILIADO_FK) violada - clave principal no encontrada

00:30:16,561 (main) ERROR [epsAndes.persistencia.PersistenciaEpsAndes] - Exception : Error con la ejecucion de Query de SQL "INSERT INTO CITAS (hora, Fecha, idServicio, idAfiliado, idRecepcionista) values (?, ?, ?, ?, ?)".
ORA-02291: restricción de integridad (ISIS2304B051920.CITAS_IDAFILIADO_FK) violada - clave principal no encontrada

00:30:57,070 (main) ERROR [epsAndes.persistencia.PersistenciaEpsAndes] - Exception : Error con la ejecucion de Query de SQL "INSERT INTO CITAS (hora, Fecha, idServicio, idAfiliado, idRecepcionista) values (?, ?, ?, ?, ?)".
ORA-02291: restricción de integridad (ISIS2304B051920.CITAS_IDAFILIADO_FK) violada - clave principal no encontrada

00:35:12,784 (main) ERROR [epsAndes.persistencia.PersistenciaEpsAndes] - Exception : Error con la ejecucion de Query de SQL "INSERT INTO FECHA Fecha) values (?)".
ORA-00926: falta la palabra clave VALUES

01:37:45,426 (main) ERROR [epsAndes.persistencia.PersistenciaEpsAndes] - Exception : El Query de JDOQL ha vuelto más que una instancia pero "unica" esta "verdad" o hay solo aggregados asi que debe devolver una como maxima.

01:45:46,346 (main) ERROR [epsAndes.persistencia.PersistenciaEpsAndes] - Exception : El Query de JDOQL ha vuelto más que una instancia pero "unica" esta "verdad" o hay solo aggregados asi que debe devolver una como maxima.

01:59:32,256 (main) ERROR [epsAndes.persistencia.PersistenciaEpsAndes] - Exception : El Query de JDOQL ha vuelto más que una instancia pero "unica" esta "verdad" o hay solo aggregados asi que debe devolver una como maxima.

02:08:26,258 (main) ERROR [epsAndes.persistencia.PersistenciaEpsAndes] - Exception : El Query de JDOQL ha vuelto más que una instancia pero "unica" esta "verdad" o hay solo aggregados asi que debe devolver una como maxima.

02:20:57,262 (main) ERROR [epsAndes.persistencia.PersistenciaEpsAndes] - Exception : Error con la ejecucion de Query de SQL "INSERT INTO SERVICIOSCAMPANA (idTipoServicio, idCampaña, cantidad) values (?,?,?)".
ORA-00942: la tabla o vista no existe

02:26:06,891 (main) ERROR [epsAndes.persistencia.PersistenciaEpsAndes] - Exception : Error con la ejecucion de Query de SQL "INSERT INTO SERVICIOSCAMPANA (idTipoServicio, idCampaña, cantidad) values (?,?,?)".
ORA-00904: "CANTIDAD": identificador no válido

02:34:08,514 (main) ERROR [epsAndes.persistencia.PersistenciaEpsAndes] - Exception : Error con la ejecucion de Query de SQL "INSERT INTO SERVICIOSCAMPANA (idTipoServicio, idCampaña, cantidadReservada) values (?,?,?)".
ORA-00904: "IDCAMPAÑA": identificador no válido

02:43:09,236 (main) ERROR [epsAndes.persistencia.PersistenciaEpsAndes] - Exception : Error con la ejecucion de Query de SQL "INSERT INTO SERVICIOSCAMPANA (idTipoServicio, idCampaña, cantidadReservada) values (?,?,?)".
ORA-00904: "IDCAMPAÑA": identificador no válido

03:21:33,938 (main) ERROR [epsAndes.persistencia.PersistenciaEpsAndes] - Exception : Error con la ejecucion de Query de SQL "INSERT INTO AFILIADO(DOCUMENTO, FECHANACIMIENTO, EPS) values (?, ?, ?)".
ORA-00001: restricción única (ISIS2304B051920.AFILIADO_PK) violada

